2018-01-15 20:53:13,761 ERROR com.fujitsu.internship.dao.pg.PostgreSQLConnector - Please check jdbc.properties file
java.io.FileNotFoundException: resources\jdbc.properties (The system cannot find the path specified)
	at java.io.FileInputStream.open0(Native Method)
	at java.io.FileInputStream.open(FileInputStream.java:195)
	at java.io.FileInputStream.<init>(FileInputStream.java:138)
	at java.io.FileInputStream.<init>(FileInputStream.java:93)
	at com.fujitsu.internship.dao.pg.PostgreSQLConnector.getConnection(PostgreSQLConnector.java:47)
	at com.fujitsu.internship.dao.Main.main(Main.java:9)
2018-01-15 20:54:06,680 ERROR com.fujitsu.internship.dao.pg.PostgreSQLConnector - Please check jdbc.properties file
java.io.FileNotFoundException: jdbc.properties (The system cannot find the file specified)
	at java.io.FileInputStream.open0(Native Method)
	at java.io.FileInputStream.open(FileInputStream.java:195)
	at java.io.FileInputStream.<init>(FileInputStream.java:138)
	at java.io.FileInputStream.<init>(FileInputStream.java:93)
	at com.fujitsu.internship.dao.pg.PostgreSQLConnector.getConnection(PostgreSQLConnector.java:47)
	at com.fujitsu.internship.dao.Main.main(Main.java:9)
2018-01-15 20:54:39,084 ERROR com.fujitsu.internship.dao.pg.PostgreSQLConnector - Please check jdbc.properties file
java.io.FileNotFoundException: ..\resources\jdbc.properties (The system cannot find the path specified)
	at java.io.FileInputStream.open0(Native Method)
	at java.io.FileInputStream.open(FileInputStream.java:195)
	at java.io.FileInputStream.<init>(FileInputStream.java:138)
	at java.io.FileInputStream.<init>(FileInputStream.java:93)
	at com.fujitsu.internship.dao.pg.PostgreSQLConnector.getConnection(PostgreSQLConnector.java:47)
	at com.fujitsu.internship.dao.Main.main(Main.java:9)
2018-01-15 20:55:25,778 ERROR com.fujitsu.internship.dao.pg.PostgreSQLConnector - Please check jdbc.properties file
java.io.FileNotFoundException: jdbc.properties (The system cannot find the file specified)
	at java.io.FileInputStream.open0(Native Method)
	at java.io.FileInputStream.open(FileInputStream.java:195)
	at java.io.FileInputStream.<init>(FileInputStream.java:138)
	at java.io.FileInputStream.<init>(FileInputStream.java:93)
	at com.fujitsu.internship.dao.pg.PostgreSQLConnector.getConnection(PostgreSQLConnector.java:47)
	at com.fujitsu.internship.dao.Main.main(Main.java:9)
2018-01-15 20:56:58,172 ERROR com.fujitsu.internship.dao.pg.PostgreSQLConnector - Please check jdbc.properties file
java.io.FileNotFoundException: \resources\jdbc.properties (The system cannot find the path specified)
	at java.io.FileInputStream.open0(Native Method)
	at java.io.FileInputStream.open(FileInputStream.java:195)
	at java.io.FileInputStream.<init>(FileInputStream.java:138)
	at java.io.FileInputStream.<init>(FileInputStream.java:93)
	at com.fujitsu.internship.dao.pg.PostgreSQLConnector.getConnection(PostgreSQLConnector.java:47)
	at com.fujitsu.internship.dao.Main.main(Main.java:9)
2018-01-15 20:57:05,371 ERROR com.fujitsu.internship.dao.pg.PostgreSQLConnector - Please check jdbc.properties file
java.io.FileNotFoundException: \resources\jdbc.properties (The system cannot find the path specified)
	at java.io.FileInputStream.open0(Native Method)
	at java.io.FileInputStream.open(FileInputStream.java:195)
	at java.io.FileInputStream.<init>(FileInputStream.java:138)
	at java.io.FileInputStream.<init>(FileInputStream.java:93)
	at com.fujitsu.internship.dao.pg.PostgreSQLConnector.getConnection(PostgreSQLConnector.java:47)
	at com.fujitsu.internship.dao.Main.main(Main.java:9)
2018-01-15 20:57:15,249 ERROR com.fujitsu.internship.dao.pg.PostgreSQLConnector - Please check jdbc.properties file
java.io.FileNotFoundException: \jdbc.properties (The system cannot find the file specified)
	at java.io.FileInputStream.open0(Native Method)
	at java.io.FileInputStream.open(FileInputStream.java:195)
	at java.io.FileInputStream.<init>(FileInputStream.java:138)
	at java.io.FileInputStream.<init>(FileInputStream.java:93)
	at com.fujitsu.internship.dao.pg.PostgreSQLConnector.getConnection(PostgreSQLConnector.java:47)
	at com.fujitsu.internship.dao.Main.main(Main.java:9)
2018-01-15 20:57:30,820 ERROR com.fujitsu.internship.dao.pg.PostgreSQLConnector - Please check jdbc.properties file
java.io.FileNotFoundException: ..\jdbc.properties (The system cannot find the file specified)
	at java.io.FileInputStream.open0(Native Method)
	at java.io.FileInputStream.open(FileInputStream.java:195)
	at java.io.FileInputStream.<init>(FileInputStream.java:138)
	at java.io.FileInputStream.<init>(FileInputStream.java:93)
	at com.fujitsu.internship.dao.pg.PostgreSQLConnector.getConnection(PostgreSQLConnector.java:47)
	at com.fujitsu.internship.dao.Main.main(Main.java:9)
2018-01-15 21:00:50,395 ERROR com.fujitsu.internship.dao.pg.PostgreSQLConnector - Please check jdbc.properties file
java.io.FileNotFoundException: src\main\resources\jdbc.properties (The system cannot find the path specified)
	at java.io.FileInputStream.open0(Native Method)
	at java.io.FileInputStream.open(FileInputStream.java:195)
	at java.io.FileInputStream.<init>(FileInputStream.java:138)
	at java.io.FileInputStream.<init>(FileInputStream.java:93)
	at com.fujitsu.internship.dao.pg.PostgreSQLConnector.getConnection(PostgreSQLConnector.java:47)
	at com.fujitsu.internship.dao.Main.main(Main.java:9)
2018-01-15 21:09:25,023 ERROR com.fujitsu.internship.dao.pg.PostgreSQLConnector - Please check jdbc.properties file
java.io.FileNotFoundException: com\fujitsu\internship\dao\jdbc.properties (The system cannot find the path specified)
	at java.io.FileInputStream.open0(Native Method)
	at java.io.FileInputStream.open(FileInputStream.java:195)
	at java.io.FileInputStream.<init>(FileInputStream.java:138)
	at java.io.FileInputStream.<init>(FileInputStream.java:93)
	at com.fujitsu.internship.dao.pg.PostgreSQLConnector.getConnection(PostgreSQLConnector.java:47)
	at com.fujitsu.internship.dao.Main.main(Main.java:9)
2018-01-15 21:10:05,212 ERROR com.fujitsu.internship.dao.pg.PostgreSQLConnector - Please check jdbc.properties file
java.io.FileNotFoundException: jdbc.properties (The system cannot find the file specified)
	at java.io.FileInputStream.open0(Native Method)
	at java.io.FileInputStream.open(FileInputStream.java:195)
	at java.io.FileInputStream.<init>(FileInputStream.java:138)
	at java.io.FileInputStream.<init>(FileInputStream.java:93)
	at com.fujitsu.internship.dao.pg.PostgreSQLConnector.getConnection(PostgreSQLConnector.java:47)
	at com.fujitsu.internship.dao.Main.main(Main.java:9)
2018-01-15 21:14:00,420 ERROR com.fujitsu.internship.dao.pg.PostgreSQLConnector - Please check jdbc.properties file
java.io.FileNotFoundException: jdbc.properties (The system cannot find the file specified)
	at java.io.FileInputStream.open0(Native Method)
	at java.io.FileInputStream.open(FileInputStream.java:195)
	at java.io.FileInputStream.<init>(FileInputStream.java:138)
	at java.io.FileInputStream.<init>(FileInputStream.java:93)
	at com.fujitsu.internship.dao.pg.PostgreSQLConnector.getConnection(PostgreSQLConnector.java:47)
	at com.fujitsu.internship.dao.Main.main(Main.java:9)
2018-01-15 21:14:04,653 ERROR com.fujitsu.internship.dao.pg.PostgreSQLConnector - Please check jdbc.properties file
java.io.FileNotFoundException: src\main\resources\jdbc.properties (The system cannot find the path specified)
	at java.io.FileInputStream.open0(Native Method)
	at java.io.FileInputStream.open(FileInputStream.java:195)
	at java.io.FileInputStream.<init>(FileInputStream.java:138)
	at java.io.FileInputStream.<init>(FileInputStream.java:93)
	at com.fujitsu.internship.dao.pg.PostgreSQLConnector.getConnection(PostgreSQLConnector.java:47)
	at com.fujitsu.internship.dao.Main.main(Main.java:9)
2018-01-16 18:07:54,492 ERROR com.fujitsu.internship.dao.pg.PostgreSQLConnector - Please check database driver
java.lang.ClassNotFoundException: "org.postgresql.Driver"
	at java.net.URLClassLoader.findClass(URLClassLoader.java:381)
	at java.lang.ClassLoader.loadClass(ClassLoader.java:424)
	at sun.misc.Launcher$AppClassLoader.loadClass(Launcher.java:338)
	at java.lang.ClassLoader.loadClass(ClassLoader.java:357)
	at java.lang.Class.forName0(Native Method)
	at java.lang.Class.forName(Class.java:264)
	at com.fujitsu.internship.dao.pg.PostgreSQLConnector.getConnection(PostgreSQLConnector.java:50)
	at com.fujitsu.internship.dao.Main.main(Main.java:9)
2018-01-16 18:17:38,041 ERROR com.fujitsu.internship.dao.pg.PostgreSQLConnector - Please check database driver
java.lang.ClassNotFoundException: "org.postgresql.Driver"
	at java.net.URLClassLoader.findClass(URLClassLoader.java:381)
	at java.lang.ClassLoader.loadClass(ClassLoader.java:424)
	at sun.misc.Launcher$AppClassLoader.loadClass(Launcher.java:338)
	at java.lang.ClassLoader.loadClass(ClassLoader.java:357)
	at java.lang.Class.forName0(Native Method)
	at java.lang.Class.forName(Class.java:264)
	at com.fujitsu.internship.dao.pg.PostgreSQLConnector.getConnection(PostgreSQLConnector.java:49)
	at com.fujitsu.internship.dao.Main.main(Main.java:8)
